2023-01-12 10:04:49 [FDSDecisionTreeClassifier][DEBUG] : 
2023-01-12 10:04:49 [FDSDecisionTreeClassifier][DEBUG] : mediaGroupName : IB
2023-01-12 10:04:49 [FDSDecisionTreeClassifier][DEBUG] : 학습데이터 분할
2023-01-12 10:04:49 [FDSDecisionTreeClassifier][DEBUG] : train : x - (321, 42), y - (321, 1) | test : x - (81, 42), y - (81, 1)
2023-01-12 10:04:49 [FDSDecisionTreeClassifier][DEBUG] : 
2023-01-12 10:04:49 [FDSDecisionTreeClassifier][DEBUG] : Grid Search CV : DecisionTreeClassifier
2023-01-12 10:04:49 [FDSDecisionTreeClassifier][DEBUG] : best parameters : {}
2023-01-12 10:04:49 [FDSDecisionTreeClassifier][DEBUG] : best score : 0.90957
2023-01-12 10:04:49 [FDSDecisionTreeClassifier][DEBUG] :    mean_fit_time  std_fit_time  ...  std_test_score  rank_test_score
0         0.0026      0.000489  ...        0.015663                1

[1 rows x 13 columns]
2023-01-12 10:04:49 [FDSDecisionTreeClassifier][DEBUG] : Confusion Matrix :
[[67  1]
 [ 3 10]]
2023-01-12 10:04:49 [FDSDecisionTreeClassifier][DEBUG] : Accuracy Score : 0.9506172839506173
2023-01-12 10:04:49 [FDSDecisionTreeClassifier][DEBUG] : Classification Report : 
              precision    recall  f1-score   support

           0       0.96      0.99      0.97        68
           1       0.91      0.77      0.83        13

    accuracy                           0.95        81
   macro avg       0.93      0.88      0.90        81
weighted avg       0.95      0.95      0.95        81

2023-01-12 10:04:49 [FDSDecisionTreeClassifier][DEBUG] : ROC AUC Score : 0.877262443438914
2023-01-12 10:04:49 [FDSDecisionTreeClassifier][DEBUG] : 변수 중요도 Top 20 :
pc_foresicInfo       0.352755
pc_HdModel           0.198622
pc_remoteInfo1       0.142871
EXCEPT_REGIST        0.121854
FTR_DS2              0.106833
pc_BwVsnCd           0.055712
pc_OsLangCd          0.021353
pc_OS_FIREWALL_CD    0.000000
pc_PrxyCntryCd       0.000000
pc_isVpn             0.000000
pc_VpnCntryCd        0.000000
pc_os                0.000000
E_FNC_LGIN_DSC       0.000000
doaddress            0.000000
pc_RemoteProg        0.000000
pc_RemotePORT        0.000000
pc_remoteInfo2       0.000000
pc_remoteInfo3       0.000000
pc_isWinFirewall     0.000000
pc_isCertMisuse      0.000000
dtype: float64
2023-01-12 10:04:51 [FDSDecisionTreeClassifier][DEBUG] : 
2023-01-12 10:04:51 [FDSDecisionTreeClassifier][DEBUG] : mediaGroupName : SB
2023-01-12 10:04:51 [FDSDecisionTreeClassifier][DEBUG] : 학습데이터 분할
2023-01-12 10:04:51 [FDSDecisionTreeClassifier][DEBUG] : train : x - (326, 38), y - (326, 1) | test : x - (82, 38), y - (82, 1)
2023-01-12 10:04:51 [FDSDecisionTreeClassifier][DEBUG] : 
2023-01-12 10:04:51 [FDSDecisionTreeClassifier][DEBUG] : Grid Search CV : DecisionTreeClassifier
2023-01-12 10:04:51 [FDSDecisionTreeClassifier][DEBUG] : best parameters : {}
2023-01-12 10:04:51 [FDSDecisionTreeClassifier][DEBUG] : best score : 0.92033
2023-01-12 10:04:51 [FDSDecisionTreeClassifier][DEBUG] :    mean_fit_time  std_fit_time  ...  std_test_score  rank_test_score
0         0.0022      0.000399  ...        0.014477                1

[1 rows x 13 columns]
2023-01-12 10:04:51 [FDSDecisionTreeClassifier][DEBUG] : Confusion Matrix :
[[67  1]
 [ 6  8]]
2023-01-12 10:04:51 [FDSDecisionTreeClassifier][DEBUG] : Accuracy Score : 0.9146341463414634
2023-01-12 10:04:51 [FDSDecisionTreeClassifier][DEBUG] : Classification Report : 
              precision    recall  f1-score   support

           0       0.92      0.99      0.95        68
           1       0.89      0.57      0.70        14

    accuracy                           0.91        82
   macro avg       0.90      0.78      0.82        82
weighted avg       0.91      0.91      0.91        82

2023-01-12 10:04:51 [FDSDecisionTreeClassifier][DEBUG] : ROC AUC Score : 0.7783613445378151
2023-01-12 10:04:51 [FDSDecisionTreeClassifier][DEBUG] : 변수 중요도 Top 20 :
sm_deviceModel             0.365500
FTR_DS2                    0.165140
workGbn                    0.128418
E_FNC_USR_DVIC_INF_CNTN    0.094669
E_FNC_USR_ACS_DSC          0.073741
PRE_ASSIGN_YN              0.073225
sm_osVersion               0.026079
E_FNC_USR_OS_DSC           0.023708
sm_mobileAPSsid            0.021741
EXCEPT_REGIST              0.017429
SMS_AUTHEN_YN              0.010350
country                    0.000000
doaddress                  0.000000
pc_isWinFirewall           0.000000
EBNK_MED_DSC               0.000000
workType                   0.000000
sm_locale                  0.000000
sm_network                 0.000000
sm_jailBreak               0.000000
sm_wifiApSsid              0.000000
dtype: float64
