2023-01-12 10:04:49 [FDSRandomForestClassifier][DEBUG] : 
2023-01-12 10:04:49 [FDSRandomForestClassifier][DEBUG] : mediaGroupName : IB
2023-01-12 10:04:49 [FDSRandomForestClassifier][DEBUG] : 학습데이터 분할
2023-01-12 10:04:49 [FDSRandomForestClassifier][DEBUG] : train : x - (321, 42), y - (321, 1) | test : x - (81, 42), y - (81, 1)
2023-01-12 10:04:50 [FDSRandomForestClassifier][DEBUG] : 
2023-01-12 10:04:50 [FDSRandomForestClassifier][DEBUG] : Grid Search CV : RandomForestClassifier
2023-01-12 10:04:50 [FDSRandomForestClassifier][DEBUG] : best parameters : {}
2023-01-12 10:04:50 [FDSRandomForestClassifier][DEBUG] : best score : 0.90957
2023-01-12 10:04:50 [FDSRandomForestClassifier][DEBUG] :    mean_fit_time  std_fit_time  ...  std_test_score  rank_test_score
0       0.105995      0.001659  ...        0.015663                1

[1 rows x 13 columns]
2023-01-12 10:04:50 [FDSRandomForestClassifier][DEBUG] : Confusion Matrix :
[[67  1]
 [ 3 10]]
2023-01-12 10:04:50 [FDSRandomForestClassifier][DEBUG] : Accuracy Score : 0.9506172839506173
2023-01-12 10:04:50 [FDSRandomForestClassifier][DEBUG] : Classification Report : 
              precision    recall  f1-score   support

           0       0.96      0.99      0.97        68
           1       0.91      0.77      0.83        13

    accuracy                           0.95        81
   macro avg       0.93      0.88      0.90        81
weighted avg       0.95      0.95      0.95        81

2023-01-12 10:04:50 [FDSRandomForestClassifier][DEBUG] : ROC AUC Score : 0.877262443438914
2023-01-12 10:04:50 [FDSRandomForestClassifier][DEBUG] : 변수 중요도 Top 20 :
pc_HdModel           0.251100
pc_foresicInfo       0.092721
pc_remoteInfo1       0.081408
pc_BwVsnCd           0.060542
isNewDevice          0.053538
pc_remoteInfo2       0.051417
IO_EA_PW_CD_DS2      0.032527
PRE_ASSIGN_YN        0.032061
EXCEPT_REGIST        0.029696
securityMediaType    0.027527
RV_AC_DGN_YN2        0.025313
pc_isWinFirewall     0.025012
FTR_DS2              0.021823
pc_remoteInfo3       0.020844
pc_isCertMisuse      0.020706
pc_isVpn             0.019958
SMS_AUTHEN_YN        0.017552
pc_OsLangCd          0.016797
ATTC_DS              0.015352
NBNK_C               0.014057
dtype: float64
2023-01-12 10:04:51 [FDSRandomForestClassifier][DEBUG] : 
2023-01-12 10:04:51 [FDSRandomForestClassifier][DEBUG] : mediaGroupName : SB
2023-01-12 10:04:51 [FDSRandomForestClassifier][DEBUG] : 학습데이터 분할
2023-01-12 10:04:51 [FDSRandomForestClassifier][DEBUG] : train : x - (326, 38), y - (326, 1) | test : x - (82, 38), y - (82, 1)
2023-01-12 10:04:52 [FDSRandomForestClassifier][DEBUG] : 
2023-01-12 10:04:52 [FDSRandomForestClassifier][DEBUG] : Grid Search CV : RandomForestClassifier
2023-01-12 10:04:52 [FDSRandomForestClassifier][DEBUG] : best parameters : {}
2023-01-12 10:04:52 [FDSRandomForestClassifier][DEBUG] : best score : 0.92033
2023-01-12 10:04:52 [FDSRandomForestClassifier][DEBUG] :    mean_fit_time  std_fit_time  ...  std_test_score  rank_test_score
0       0.105804      0.001319  ...        0.014477                1

[1 rows x 13 columns]
2023-01-12 10:04:52 [FDSRandomForestClassifier][DEBUG] : Confusion Matrix :
[[67  1]
 [ 6  8]]
2023-01-12 10:04:52 [FDSRandomForestClassifier][DEBUG] : Accuracy Score : 0.9146341463414634
2023-01-12 10:04:52 [FDSRandomForestClassifier][DEBUG] : Classification Report : 
              precision    recall  f1-score   support

           0       0.92      0.99      0.95        68
           1       0.89      0.57      0.70        14

    accuracy                           0.91        82
   macro avg       0.90      0.78      0.82        82
weighted avg       0.91      0.91      0.91        82

2023-01-12 10:04:52 [FDSRandomForestClassifier][DEBUG] : ROC AUC Score : 0.7783613445378151
2023-01-12 10:04:52 [FDSRandomForestClassifier][DEBUG] : 변수 중요도 Top 20 :
FTR_DS2                    0.141710
E_FNC_USR_DVIC_INF_CNTN    0.088821
sm_deviceModel             0.085560
sm_jailBreak               0.077122
doaddress                  0.056289
sm_osVersion               0.052155
sm_service                 0.050668
sm_mobileAPSsid            0.049693
workGbn                    0.038602
country                    0.037465
E_FNC_USR_OS_DSC           0.035533
pc_foresicInfo             0.033832
sm_wifiApSsid              0.030659
E_FNC_USR_ACS_DSC          0.022605
SMS_AUTHEN_YN              0.022220
EBNK_MED_DSC               0.020291
IO_EA_DD1_FTR_LMT3         0.018000
PRE_ASSIGN_YN              0.017403
pc_isWinFirewall           0.015028
EXCEPT_REGIST              0.013611
dtype: float64
