2023-01-12 10:04:51 [FDSKNeighborsClassifier][DEBUG] : 
2023-01-12 10:04:51 [FDSKNeighborsClassifier][DEBUG] : mediaGroupName : IB
2023-01-12 10:04:51 [FDSKNeighborsClassifier][DEBUG] : 학습데이터 분할
2023-01-12 10:04:51 [FDSKNeighborsClassifier][DEBUG] : train : x - (321, 42), y - (321, 1) | test : x - (81, 42), y - (81, 1)
2023-01-12 10:04:51 [FDSKNeighborsClassifier][DEBUG] : 
2023-01-12 10:04:51 [FDSKNeighborsClassifier][DEBUG] : Grid Search CV : KNeighborsClassifier
2023-01-12 10:04:51 [FDSKNeighborsClassifier][DEBUG] : best parameters : {}
2023-01-12 10:04:51 [FDSKNeighborsClassifier][DEBUG] : best score : 0.92207
2023-01-12 10:04:51 [FDSKNeighborsClassifier][DEBUG] :    mean_fit_time  std_fit_time  ...  std_test_score  rank_test_score
0       0.001999      0.000631  ...        0.019919                1

[1 rows x 13 columns]
2023-01-12 10:04:51 [FDSKNeighborsClassifier][DEBUG] : Confusion Matrix :
[[67  1]
 [ 3 10]]
2023-01-12 10:04:51 [FDSKNeighborsClassifier][DEBUG] : Accuracy Score : 0.9506172839506173
2023-01-12 10:04:51 [FDSKNeighborsClassifier][DEBUG] : Classification Report : 
              precision    recall  f1-score   support

           0       0.96      0.99      0.97        68
           1       0.91      0.77      0.83        13

    accuracy                           0.95        81
   macro avg       0.93      0.88      0.90        81
weighted avg       0.95      0.95      0.95        81

2023-01-12 10:04:51 [FDSKNeighborsClassifier][DEBUG] : ROC AUC Score : 0.877262443438914
2023-01-12 10:04:52 [FDSKNeighborsClassifier][DEBUG] : 
2023-01-12 10:04:52 [FDSKNeighborsClassifier][DEBUG] : mediaGroupName : SB
2023-01-12 10:04:52 [FDSKNeighborsClassifier][DEBUG] : 학습데이터 분할
2023-01-12 10:04:52 [FDSKNeighborsClassifier][DEBUG] : train : x - (326, 38), y - (326, 1) | test : x - (82, 38), y - (82, 1)
2023-01-12 10:04:52 [FDSKNeighborsClassifier][DEBUG] : 
2023-01-12 10:04:52 [FDSKNeighborsClassifier][DEBUG] : Grid Search CV : KNeighborsClassifier
2023-01-12 10:04:52 [FDSKNeighborsClassifier][DEBUG] : best parameters : {}
2023-01-12 10:04:52 [FDSKNeighborsClassifier][DEBUG] : best score : 0.89576
2023-01-12 10:04:52 [FDSKNeighborsClassifier][DEBUG] :    mean_fit_time  std_fit_time  ...  std_test_score  rank_test_score
0       0.001607      0.000496  ...        0.022317                1

[1 rows x 13 columns]
2023-01-12 10:04:52 [FDSKNeighborsClassifier][DEBUG] : Confusion Matrix :
[[68  0]
 [ 5  9]]
2023-01-12 10:04:52 [FDSKNeighborsClassifier][DEBUG] : Accuracy Score : 0.9390243902439024
2023-01-12 10:04:52 [FDSKNeighborsClassifier][DEBUG] : Classification Report : 
              precision    recall  f1-score   support

           0       0.93      1.00      0.96        68
           1       1.00      0.64      0.78        14

    accuracy                           0.94        82
   macro avg       0.97      0.82      0.87        82
weighted avg       0.94      0.94      0.93        82

2023-01-12 10:04:52 [FDSKNeighborsClassifier][DEBUG] : ROC AUC Score : 0.8214285714285714
